Arguments: 
  C:\Program Files\nodejs\node.exe C:\Users\rainm\AppData\Roaming\npm\node_modules\yarn\bin\yarn.js add -D 'typescript@4.6' '@types/node@16'

PATH: 
  C:\Program Files\Common Files\Oracle\Java\javapath;C:\Users\rainm\anaconda3;C:\Program Files (x86)\Intel\Intel(R) Management Engine Components\DAL;C:\Program Files\Intel\Intel(R) Management Engine Components\DAL;C:\WINDOWS\system32;C:\WINDOWS;C:\WINDOWS\System32\Wbem;C:\WINDOWS\System32\WindowsPowerShell\v1.0\;C:\WINDOWS\System32\OpenSSH\;C:\Program Files\CMake\bin;C:\gnuplot\bin;C:\ProgramData\chocolatey\bin;C:\HashiCorp\Vagrant\bin;C:\Program Files\nodejs\;C:\Program Files\dotnet\;C:\Program Files\Java\jdk-18\bin;C:\Program Files\MySQL Server 8.0\bin;C:\Program Files\Git\cmd;C:\Program Files\MySQL\MySQL Shell 8.0\bin\;C:\Users\rainm\scoop\shims;C:\Ruby30-x64\bin;C:\Users\rainm\anaconda3;C:\Users\rainm\anaconda3\Library\bin;C:\Program Files\Oracle\VirtualBox;C:\user;C:MinGW\bin;C:\Users\rainm\AppData\Local\Programs\Microsoft VS Code\bin;C:\Users\rainm\AppData\Roaming\npm;C:\Program Files\MySQL\MySQL Server 8.0\bin;

Yarn version: 
  1.22.19

Node version: 
  16.14.0

Platform: 
  win32 x64

Trace: 
  Error: https://registry.yarnpkg.com/%27typescript: Not found
      at Request.params.callback [as _callback] (C:\Users\rainm\AppData\Roaming\npm\node_modules\yarn\lib\cli.js:66145:18)
      at Request.self.callback (C:\Users\rainm\AppData\Roaming\npm\node_modules\yarn\lib\cli.js:140890:22)
      at Request.emit (node:events:520:28)
      at Request.<anonymous> (C:\Users\rainm\AppData\Roaming\npm\node_modules\yarn\lib\cli.js:141862:10)
      at Request.emit (node:events:520:28)
      at IncomingMessage.<anonymous> (C:\Users\rainm\AppData\Roaming\npm\node_modules\yarn\lib\cli.js:141784:12)
      at Object.onceWrapper (node:events:639:28)
      at IncomingMessage.emit (node:events:532:35)
      at endReadableNT (node:internal/streams/readable:1346:12)
      at processTicksAndRejections (node:internal/process/task_queues:83:21)

npm manifest: 
  {"name": "eslint-typescript-tutorial","license": "UNLICENSED"}

yarn manifest: 
  No manifest

Lockfile: 
  No lockfile
